  new:(null) (null)
  old:(null) (null)
  new:(null)
2026-06-12 19:13:53.385 Db OpenClaw[9237:141df2] [com.apple.BaseBoard:Common] [BSBlockSentinel:FBSScene] signaled! 1 of 2
2026-06-12 19:13:53.393 Db OpenClaw[9237:1435b8] [com.apple.BaseBoard:Common] [BSBlockSentinel:FBSScene] signaled! 2 of 2
2026-06-12 19:13:53.393 Db OpenClaw[9237:1435b8] [com.apple.BaseBoard:Common] [BSBlockSentinel:FBSScene] dealloc
2026-06-12 19:13:53.393 Db OpenClaw[9237:1435b8] [com.apple.BaseBoard:Common] [BSBlockSentinel:FBSScene] signaled! 2 of 2
2026-06-12 19:13:53.393 Db OpenClaw[9237:1435b8] [com.apple.BaseBoard:Common] [BSBlockSentinel:FBSScene] dealloc
2026-06-12 19:13:54.074 Df OpenClaw[9237:141df2] [com.apple.UIKit:BackgroundTask] Ending background task with UIBackgroundTaskIdentifier: 11
2026-06-12 19:13:54.074 Df OpenClaw[9237:141df2] [com.apple.UIKit:BackgroundTask] Ending task with identifier 11 and description: <_UIBackgroundTaskInfo: 0x600001904440>: taskID = 11, taskName = com.apple.UIKit.CABackingStoreCollect, creationTime = 39793 (elapsed = 0), _expireHandler: (null)
2026-06-12 19:13:54.074 Df OpenClaw[9237:141df2] [com.apple.UIKit:BackgroundTask] Decrementing reference count for assertion <BKSProcessAssertion: 0x6000021f8640> (used by background task with identifier 11: <_UIBackgroundTaskInfo: 0x600001904440>: taskID = 11, taskName = com.apple.UIKit.CABackingStoreCollect, creationTime = 39793 (elapsed = 0))
2026-06-12 19:13:54.374 Df OpenClaw[9237:143813] [com.apple.UIKit:UIKBFeedbackGenerator] Worker queue now setting engine 0x0 and players 0x600000468000 to nil.
2026-06-12 19:13:55.307 Db OpenClaw[9237:143813] [com.apple.cfnetwork:websocket] Task <7A8528BF-1841-44C1-87BE-FD682815003F>.<1> Sent ping 2
2026-06-12 19:13:55.307 Db OpenClaw[9237:143812] [com.apple.cfnetwork:websocket] Task <D714BBA3-F1E0-46C1-9A69-FA882129623F>.<1> Sent ping 2
2026-06-12 19:13:58.574 Df OpenClaw[9237:143813] [com.apple.xpc:connection] [0x104cb8c70] invalidated because the current process cancelled the connection by calling xpc_connection_cancel()
2026-06-12 19:13:58.576 Db OpenClaw[9237:1435b8] [com.apple.BaseBoard:MachPort]  *|machport|* invalidate <BSMachPortTaskNameRight:0x60000183e2c0 usable=YES (9237:1074b:send task_name_for_pid:InputUI.4921)> -> (<NSThread: 0x600001723600>{number = 23, name = (null)}) (
	0   BaseBoard                           0x0000000183f85f28 -[BSMachPortRight _lock_invalidateForOwner:] + 288
	1   BaseBoard                           0x0000000183f86008 -[BSMachPortRight invalidate] + 44
	2   BaseBoard                           0x0000000183f9afc4 -[BSProcessHandle dealloc] + 28
	3   BoardServices                       0x000000018806ae00 -[BSXPCServiceConnectionPeer .cxx_destruct] + 28
	4   libobjc.A.dylib                     0x0000000180075fc8 _ZL27object_cxxDestructFromClassP11objc_objectP10objc_class + 112
	5   libobjc.A.dylib                     0x000000018008fe60 _ZL38objc_destructInstance_nonnull_realizedP11objc_object + 72
	6   libobjc.A.dylib                     0x0000000180097f48 _objc_rootDealloc + 56
	7   libsystem_blocks.dylib              0x00000001801402c4 _ZN10HelperBaseI14ExtendedInlineE14disposeCaptur
2026-06-12 19:14:05.431 Db OpenClaw[9237:1435b8] [com.apple.runningboard:message] PERF: [app<ai.openclaw.ios.dev.colin((null))>:9237] Received message from runningboardd: async_didChangeInheritances:completion:
2026-06-12 19:14:05.431 A  OpenClaw[9237:1435b8] (RunningBoardServices) didChangeInheritances
2026-06-12 19:14:05.431 Db OpenClaw[9237:1435b8] [com.apple.runningboard:connection] didChangeInheritances: <RBSInheritanceChangeSet| gained:{(
    <RBSInheritance| environment:(none) name:com.apple.frontboard.visibility origID:99362-99557-1598 0>
)} lost:(null)>
2026-06-12 19:14:05.432 Df OpenClaw[9237:141df2] [com.apple.UIKit:AppLifecycle] sceneOfRecord: sceneID: sceneID:ai.openclaw.ios.dev.colin-default  persistentID: 55766D15-BE9D-4452-98D0-BE0CBECD0760
2026-06-12 19:14:05.432 Df OpenClaw[9237:141df2] [com.apple.UIKit:Application] Deactivation reason added: 5; deactivation reasons: 6144 -> 6176; animating application lifecycle event: 1
2026-06-12 19:14:05.432 Df OpenClaw[9237:141df2] [com.apple.UIKit:Application] Ignoring already applied deactivation reason: 12; deactivation reasons: 6176
2026-06-12 19:14:05.432 A  OpenClaw[9237:141df2] (CoreLocation) CL: CLLocationManager
2026-06-12 19:14:05.432 Df OpenClaw[9237:141df2] [com.apple.locationd.Core:Client] {"msg":"CLLocationManager", "event":activity, "_cmd":onWillEnterForeground:, "self":"0x600000010050", "notification":NSConcreteNotification 0x600000471da0 {name = UIApplicationWillEnterForegroundNotification; object = <_TtC7SwiftUIP33_ACC2C5639A7D76F611E170E831FCA49118SwiftUIApplication: 0x104c0c440>}}
2026-06-12 19:14:05.432 Df OpenClaw[9237:141df2] [com.apple.UIKit:Application] Deactivation reason removed: 11; deactivation reasons: 6176 -> 4128; animating application lifecycle event: 1
2026-06-12 19:14:05.432 Df OpenClaw[9237:1435b8] [com.apple.UIIntelligenceSupport:xpc] establishing connection to agent
2026-06-12 19:14:05.432 Db OpenClaw[9237:141df2] [com.apple.BacklightServices:scenes] 0x600000c67960 environment updated:sceneID:ai.openclaw.ios.dev.colin-default
  delta:{ visualState:0 date:0 active:0 seed:0 }
  diff:<FBSSceneSettingsDiff: 0x600001904b00; UIApplicationSceneSettings> {
    settings = <BSKeyedSettingsDiff: 0x600000d92130> {
        foreground = Yes;
    };
    subclassSettings = <BSSettingsDiff: 0x600000d919b0> {
        deactivationReasons = systemAnimation;
    };
}
  new:(null) (null)
  old:(null) (null)
  new:(null)
2026-06-12 19:14:05.433 Df OpenClaw[9237:1435b8] [com.apple.xpc:session] [0x6000022f0ff0] Session created.
2026-06-12 19:14:05.433 Df OpenClaw[9237:1435b8] [com.apple.xpc:session] [0x6000022f0ff0] Session created from connection [0x104cf01e0]
2026-06-12 19:14:05.433 Df OpenClaw[9237:1435b8] [com.apple.xpc:connection] [0x104cf01e0] activating connection: mach=true listener=false peer=false name=com.apple.uiintelligencesupport.agent
2026-06-12 19:14:05.433 Df OpenClaw[9237:1435b8] [com.apple.xpc:session] [0x6000022f0ff0] Session activated
2026-06-12 19:14:05.433 Df OpenClaw[9237:141df2] [com.apple.UIKit:EventDeferring] [0x60000293bc60] [keyboardFocus] Recreation of event deferring records requested: removing recreation reason: detachedContext; for reason: _UIEventDeferringManager: 0x60000293bc60: recreating keyboardFocus: context attached for window: 0x104f34f50; contextID: 0xA22D6729
2026-06-12 19:14:05.433 Db OpenClaw[9237:141df2] [com.apple.BackBoard:EventDelivery] flushing changes: {
    contentsMask: 0x2; deferringRules: [[9237-2]];
}
2026-06-12 19:14:05.434 Db OpenClaw[9237:141df2] [com.apple.BaseBoard:Common] [BSBlockSentinel:FBSScene] signaled! 1 of 2
2026-06-12 19:14:05.435 Db OpenClaw[9237:141df2] [com.apple.defaults:User Defaults] found no value for key screen.preventSleep in CFPrefsSearchListSource<0x600002c04500> (Domain: ai.openclaw.ios.dev.colin, Container: (null) Non-launch persona: 0)
2026-06-12 19:14:05.435 Db OpenClaw[9237:141df2] [com.apple.defaults:User Defaults] found no value for key canvas.debugStatusEnabled in CFPrefsSearchListSource<0x600002c04500> (Domain: ai.openclaw.ios.dev.colin, Container: (null) Non-launch persona: 0)
2026-06-12 19:14:05.435 Db OpenClaw[9237:141df2] [com.apple.defaults:User Defaults] found no value for key onboarding.requestID in CFPrefsSearchListSource<0x600002c04500> (Domain: ai.openclaw.ios.dev.colin, Container: (null) Non-launch persona: 0)
2026-06-12 19:14:05.435 Db OpenClaw[9237:141df2] [com.apple.defaults:User Defaults] found no value for key appearance.preference in CFPrefsSearchListSource<0x600002c04500> (Domain: ai.openclaw.ios.dev.colin, Container: (null) Non-launch persona: 0)
2026-06-12 19:14:05.435 Db OpenClaw[9237:141df2] [com.apple.defaults:User Defaults] found no value for key camera.enabled in CFPrefsSearchListSource<0x600002c04500> (Domain: ai.openclaw.ios.dev.colin, Container: (null) Non-launch persona: 0)
2026-06-12 19:14:05.435 Db OpenClaw[9237:141df2] [com.apple.defaults:User Defaults] found no value for key location.enabledMode in CFPrefsSearchListSource<0x600002c04500> (Domain: ai.openclaw.ios.dev.colin, Container: (null) Non-launch persona: 0)
2026-06-12 19:14:05.435 Db OpenClaw[9237:141df2] [com.apple.defaults:User Defaults] found no value for key screen.preventSleep in CFPrefsSearchListSource<0x600002c04500> (Domain: ai.openclaw.ios.dev.colin, Container: (null) Non-launch persona: 0)
2026-06-12 19:14:05.435 Db OpenClaw[9237:141df2] [com.apple.defaults:User Defaults] looked up value 0 for key talk.enabled in CFPrefsPlistSource<0x600002c00180> (Domain: ai.openclaw.ios.dev.colin, User: kCFPreferencesCurrentUser, ByHost: No, Container: (null), Contents Need Refresh: No) via CFPrefsSearchListSource<0x600002c04500> (Domain: ai.openclaw.ios.dev.colin, Container: (null) Non-launch persona: 0)
2026-06-12 19:14:05.435 Db OpenClaw[9237:141df2] [com.apple.defaults:User Defaults] looked up value 0 for key talk.enabled in CFPrefsPlistSource<0x600002c00180> (Domain: ai.openclaw.ios.dev.colin, User: kCFPreferencesCurrentUser, ByHost: No, Container: (null), Contents Need Refresh: No) via CFPrefsSearchListSource<0x600002c04500> (Domain: ai.openclaw.ios.dev.colin, Container: (null) Non-launch persona: 0)
2026-06-12 19:14:05.435 Db OpenClaw[9237:141df2] [com.apple.defaults:User Defaults] found no value for key voiceWake.enabled in CFPrefsSearchListSource<0x600002c04500> (Domain: ai.openclaw.ios.dev.colin, Container: (null) Non-launch persona: 0)
2026-06-12 19:14:05.435 Db OpenClaw[9237:141df2] [com.apple.defaults:User Defaults] looked up value [REDACTED_SETUP_CODE] for key gateway.setupCode in CFPrefsPlistSource<0x600002c00180> (Domain: ai.openclaw.ios.dev.colin, User: kCFPreferencesCurrentUser, ByHost: No, Container: (null), Contents Need Refresh: No) via CFPrefsSearchListSource<0x600002c04500> (Domain: ai.openclaw.ios.dev.colin, Container: (null) Non-launch persona: 0)
2026-06-12 19:14:05.436 Db OpenClaw[9237:141df2] [com.apple.CFBundle:strings] Bundle: CFBundle 0x600003b55960 </Library/Developer/CoreSimulator/Volumes/iOS_23C54/Library/Developer/CoreSimulator/Profiles/Runtimes/iOS 26.2.simruntime/Contents/Resources/RuntimeRoot/System/Library/Frameworks/Accessibility.framework> (not loaded), key: black, value: , table: Accessibility, localizationNames: (null), result: black
2026-06-12 19:14:05.436 Db OpenClaw[9237:141df2] [com.apple.CFBundle:strings] Bundle: CFBundle 0x600003b55960 </Library/Developer/CoreSimulator/Volumes/iOS_23C54/Library/Developer/CoreSimulator/Profiles/Runtimes/iOS 26.2.simruntime/Contents/Resources/RuntimeRoot/System/Library/Frameworks/Accessibility.framework> (not loaded), key: black, value: , table: Accessibility, localizationNames: (null), result: black
2026-06-12 19:14:05.437 Db OpenClaw[9237:141df2] [com.apple.CFBundle:strings] Bundle: CFBundle 0x600003b55960 </Library/Developer/CoreSimulator/Volumes/iOS_23C54/Library/Developer/CoreSimulator/Profiles/Runtimes/iOS 26.2.simruntime/Contents/Resources/RuntimeRoot/System/Library/Frameworks/Accessibility.framework> (not loaded), key: black, value: , table: Accessibility, localizationNames: (null), result: black
2026-06-12 19:14:05.437 Db OpenClaw[9237:141df2] [com.apple.CFBundle:strings] Bundle: CFBundle 0x600003b55960 </Library/Developer/CoreSimulator/Volumes/iOS_23C54/Library/Developer/CoreSimulator/Profiles/Runtimes/iOS 26.2.simruntime/Contents/Resources/RuntimeRoot/System/Library/Frameworks/Accessibility.framework> (not loaded), key: black, value: , table: Accessibility, localizationNames: (null), result: black
2026-06-12 19:14:05.437 Db OpenClaw[9237:141df2] [com.apple.CFBundle:strings] Bundle: CFBundle 0x600003b55960 </Library/Developer/CoreSimulator/Volumes/iOS_23C54/Library/Developer/CoreSimulator/Profiles/Runtimes/iOS 26.2.simruntime/Contents/Resources/RuntimeRoot/System/Library/Frameworks/Accessibility.framework> (not loaded), key: black, value: , table: Accessibility, localizationNames: (null), result: black
2026-06-12 19:14:05.437 Db OpenClaw[9237:141df2] [com.apple.CFBundle:strings] Bundle: CFBundle 0x600003b55960 </Library/Developer/CoreSimulator/Volumes/iOS_23C54/Library/Developer/CoreSimulator/Profiles/Runtimes/iOS 26.2.simruntime/Contents/Resources/RuntimeRoot/System/Library/Frameworks/Accessibility.framework> (not loaded), key: black, value: , table: Accessibility, localizationNames: (null), result: black
2026-06-12 19:14:05.437 Db OpenClaw[9237:141df2] [com.apple.CFBundle:strings] Bundle: CFBundle 0x600003b55960 </Library/Developer/CoreSimulator/Volumes/iOS_23C54/Library/Developer/CoreSimulator/Profiles/Runtimes/iOS 26.2.simruntime/Contents/Resources/RuntimeRoot/System/Library/Frameworks/Accessibility.framework> (not loaded), key: black, value: , table: Accessibility, localizationNames: (null), result: black
2026-06-12 19:14:05.437 Db OpenClaw[9237:141df2] [com.apple.CFBundle:strings] Bundle: CFBundle 0x600003b55960 </Library/Developer/CoreSimulator/Volumes/iOS_23C54/Library/Developer/CoreSimulator/Profiles/Runtimes/iOS 26.2.simruntime/Contents/Resources/RuntimeRoot/System/Library/Frameworks/Accessibility.framework> (not loaded), key: black, value: , table: Accessibility, localizationNames: (null), result: black
2026-06-12 19:14:05.437 Db OpenClaw[9237:141df2] [com.apple.CFBundle:strings] Bundle: CFBundle 0x600003b55960 </Library/Developer/CoreSimulator/Volumes/iOS_23C54/Library/Developer/CoreSimulator/Profiles/Runtimes/iOS 26.2.simruntime/Contents/Resources/RuntimeRoot/System/Library/Frameworks/Accessibility.framework> (not loaded), key: black, value: , table: Accessibility, localizationNames: (null), result: black
2026-06-12 19:14:05.437 Db OpenClaw[9237:141df2] [com.apple.CFBundle:strings] Bundle: CFBundle 0x600003b55960 </Library/Developer/CoreSimulator/Volumes/iOS_23C54/Library/Developer/CoreSimulator/Profiles/Runtimes/iOS 26.2.simruntime/Contents/Resources/RuntimeRoot/System/Library/Frameworks/Accessibility.framework> (not loaded), key: black, value: , table: Accessibility, localizationNames: (null), result: black
2026-06-12 19:14:05.440 Df OpenClaw[9237:142c14] [com.apple.BackBoard:EventDelivery] policyStatus:<BKSHIDEventDeliveryPolicyObserver: 0x600002604ba0; token=[REDACTED]:sceneID%3Aai.openclaw.ios.dev.colin-default; status: ancestor> was:none
2026-06-12 19:14:05.440 Db OpenClaw[9237:142c14] [com.apple.BackBoard:EventDelivery] observerPolicyDidChange: 0x600002604ba0 -> <_UIKeyWindowSceneObserver: 0x600000c656e0>
2026-06-12 19:14:05.455 Db OpenClaw[9237:141df2] [com.apple.CFBundle:strings] Bundle: CFBundle 0x600003b00380 </Users/solvely/Library/Developer/CoreSimulator/Devices/439E360B-6587-491A-AC3B-9CA7289493F2/data/Containers/Bundle/Application/9F730E00-510E-4A41-9F4F-915B1DF72384/OpenClaw.app> (executable, loaded), key: Reset Onboarding?, value: (null), table: Localizable, localizationNames: (null), result: <same as key>
2026-06-12 19:14:05.455 Db OpenClaw[9237:141df2] [com.apple.CFBundle:strings] Bundle: CFBundle 0x600003b00380 </Users/solvely/Library/Developer/CoreSimulator/Devices/439E360B-6587-491A-AC3B-9CA7289493F2/data/Containers/Bundle/Application/9F730E00-510E-4A41-9F4F-915B1DF72384/OpenClaw.app> (executable, loaded), key: QR Scanner Unavailable, value: (null), table: Localizable, localizationNames: (null), result: <same as key>
2026-06-12 19:14:05.455 Db OpenClaw[9237:141df2] [com.apple.CFBundle:strings] Bundle: CFBundle 0x600003b240e0 </Library/Developer/CoreSimulator/Volumes/iOS_23C54/Library/Developer/CoreSimulator/Profiles/Runtimes/iOS 26.2.simruntime/Contents/Resources/RuntimeRoot/System/Library/PrivateFrameworks/UIKitCore.framework> (not loaded), key: More, value: More, table: Localizable, localizationNames: (null), result: More
2026-06-12 19:14:05.456 Db OpenClaw[9237:141df2] [com.apple.defaults:User Defaults] found no value for key talk.background.enabled in CFPrefsSearchListSource<0x600002c04500> (Domain: ai.openclaw.ios.dev.colin, Container: (null) Non-launch persona: 0)
2026-06-12 19:14:05.457 I  OpenClaw[9237:141df2] [ai.openclaw.ios:GatewayDiag] [2026-06-12T23:14:05.457Z] node app model: scene phase=inactive
2026-06-12 19:14:05.457 Df OpenClaw[9237:141df2] [com.apple.UIKit:BackgroundTask] Ending background task with UIBackgroundTaskIdentifier: 9
2026-06-12 19:14:05.457 Df OpenClaw[9237:141df2] [com.apple.UIKit:BackgroundTask] Ending task with identifier 9 and description: <_UIBackgroundTaskInfo: 0x600001791d80>: taskID = 9, taskName = gateway-background-grace, creationTime = 39792 (elapsed = 13), _expireHandler: <__NSMallocBlock__: 0x600000d7fb70>
2026-06-12 19:14:05.457 Df OpenClaw[9237:141df2] [com.apple.UIKit:BackgroundTask] Decrementing reference count for assertion <BKSProcessAssertion: 0x6000021f8640> (used by background task with identifier 9: <_UIBackgroundTaskInfo: 0x600001791d80>: taskID = 9, taskName = gateway-background-grace, creationTime = 39792 (elapsed = 13))
2026-06-12 19:14:05.457 Df OpenClaw[9237:141df2] [com.apple.UIKit:BackgroundTask] Will invalidate assertion: <BKSProcessAssertion: 0x6000021f8640> for task identifier: 9
2026-06-12 19:14:05.457 I  OpenClaw[9237:141df2] [ai.openclaw.ios:PushWake] Background grace ended reason=scene_foreground
2026-06-12 19:14:05.457 I  OpenClaw[9237:141df2] [ai.openclaw.ios:PushWake] Background reconnect cleared reason=scene_foreground
2026-06-12 19:14:05.457 Df OpenClaw[9237:141df2] [com.apple.network:browser] -[NWConcrete_nw_browser initWithDescriptor:parameters:] [B2] create with <nw_browse_descriptor bonjour _openclaw-gw._tcp.local. (no txt)>, parameters: tcp, attribution: developer, context: Default Network Context (private), proc: B13D41CB-98DA-37CA-BE67-1AD2F732870C, delegated upid: 0, use awdl
2026-06-12 19:14:05.457 Df OpenClaw[9237:141df2] [com.apple.network:browser] nw_browser_start_dns_browser_locked [B2] start: dns browser
2026-06-12 19:14:05.485 Db OpenClaw[9237:141df2] [com.apple.network:browser] nw_browser_start_dns_browser_locked [B2] dns: start browse with flags 0x40104000
2026-06-12 19:14:05.485 Df OpenClaw[9237:141df2] [com.apple.network:browser] nw_browser_start_path_browser_locked [B2] path: start browser
2026-06-12 19:14:05.485 Df OpenClaw[9237:141df2] [com.apple.network:browser] nw_browser_set_state_locked [B2] state changed: invalid -> ready
2026-06-12 19:14:05.485 I  OpenClaw[9237:141df2] [ai.openclaw.ios:GatewayDiag] [2026-06-12T23:14:05.486Z] app delegate: scene phase changed=inactive
2026-06-12 19:14:05.488 Db OpenClaw[9237:142c14] [com.apple.network:browser] nw_browser_dns_service_browse_callback [B2] dns: (#0f6524ea _openclaw-gw._tcp. #126acd18), flags: 2, if_index: 20, error: 0
2026-06-12 19:14:05.488 Db OpenClaw[9237:142c14] [com.apple.network:browser] nw_browser_add_result_locked [B2] new: added YEB-MAC-CJ\134032(OpenClaw)\134032(2)._openclaw-gw._tcp.local.@[en1] to new_results
2026-06-12 19:14:05.488 Db OpenClaw[9237:142c14] [com.apple.network:browser] nw_browser_add_result_locked [B2] changes_map: yeb-mac-cj\134032(openclaw)\134032(2)._openclaw-gw._tcp.local. = result_added(2)
2026-06-12 19:14:05.488 Db OpenClaw[9237:142c14] [com.apple.network:browser] nw_browser_notify_browse_result_changes_locked_block_invoke [B2] changes_map: yeb-mac-cj\134032(openclaw)\134032(2)._openclaw-gw._tcp.local. = identical(1)
2026-06-12 19:14:05.489 Db OpenClaw[9237:142c14] [com.apple.network:browser] nw_browser_notify_browse_result_changes_locked_block_invoke [B2] new: moved YEB-MAC-CJ\134032(OpenClaw)\134032(2)._openclaw-gw._tcp.local.@[en1] from new_results to old_results
2026-06-12 19:14:05.489 I  OpenClaw[9237:142c14] [com.apple.network:browser] nw_browser_notify_browse_result_changes_locked_block_invoke_2 [B2] browse_result_changed: ((null) -> YEB-MAC-CJ\134032(OpenClaw)\134032(2)._openclaw-gw._tcp.local.@[en1]), <result_added>
2026-06-12 19:14:05.503 Db OpenClaw[9237:141df2] [com.apple.UIKit:NavbarWidthResolver] Available width: 370.000000
2026-06-12 19:14:05.507 Db OpenClaw[9237:1435b8] [com.apple.BaseBoard:Common] [BSBlockSentinel:FBSScene] signaled! 2 of 2
2026-06-12 19:14:05.507 Db OpenClaw[9237:1435b8] [com.apple.BaseBoard:Common] [BSBlockSentinel:FBSScene] dealloc
2026-06-12 19:14:05.508 Db OpenClaw[9237:1435b8] [com.apple.runningboard:message] PERF: [app<ai.openclaw.ios.dev.colin((null))>:9237] Received message from runningboardd: async_didChangeInheritances:completion:
2026-06-12 19:14:05.508 A  OpenClaw[9237:1435b8] (RunningBoardServices) didChangeInheritances
2026-06-12 19:14:05.508 Db OpenClaw[9237:1435b8] [com.apple.runningboard:connection] didChangeInheritances: <RBSInheritanceChangeSet| gained:{(
    <RBSInheritance| environment:UIScene:com.apple.frontboard.systemappservices/FBSceneManager:sceneID%3Aai.openclaw.ios.dev.colin-default name:com.apple.frontboard.visibility origID:99362-99557-1603 payload 18348668041502042917>
)} lost:(null)>
2026-06-12 19:14:05.509 Df OpenClaw[9237:141df2] [com.apple.UIKit:KeyWindow] Scene target of keyboard event deferring environment did change: 1; scene: UIWindowScene: 0x10600da60; scene identity: com.apple.frontboard.systemappservices/FBSceneManager:sceneID%3Aai.openclaw.ios.dev.colin-default
2026-06-12 19:14:05.509 Df OpenClaw[9237:141df2] [com.apple.UIKit:EventDeferring] [0x60000293bc60] Scene target of event deferring environments did update: scene: 0x10600da60; current systemShellManagesKeyboardFocus: 1; systemShellManagesKeyboardFocusForScene: 0; eligibleForRecordRemoval: 1;
2026-06-12 19:14:05.509 Df OpenClaw[9237:141df2] [com.apple.UIKit:KeyWindow] Scene became target of keyboard event deferring environment: UIWindowScene: 0x10600da60; scene identity: com.apple.frontboard.systemappservices/FBSceneManager:sceneID%3Aai.openclaw.ios.dev.colin-default
2026-06-12 19:14:05.510 Db OpenClaw[9237:142c14] [com.apple.runningboard:message] PERF: [app<ai.openclaw.ios.dev.colin((null))>:9237] Received message from runningboardd: async_didChangeInheritances:completion:
2026-06-12 19:14:05.510 A  OpenClaw[9237:142c14] (RunningBoardServices) didChangeInheritances
2026-06-12 19:14:05.510 Db OpenClaw[9237:142c14] [com.apple.runningboard:connection] didChangeInheritances: <RBSInheritanceChangeSet| gained:{(
    <RBSInheritance| environment:UIScene:com.apple.frontboard.systemappservices/FBSceneManager:sceneID%3Aai.openclaw.ios.dev.colin-default name:com.apple.frontboard.visibility origID:99362-99557-1604 payload 18348668041502042917>
)} lost:(null)>
2026-06-12 19:14:05.512 Df OpenClaw[9237:141df2] [com.apple.UIKit:UpdateScheduler] Target list changed: <CADisplay:LCD PurpleMain>
2026-06-12 19:14:05.514 Df OpenClaw[9237:141df2] [com.apple.KeyboardArbiter:Client] startConnection
2026-06-12 19:14:05.514 Df OpenClaw[9237:141df2] [com.apple.xpc:connection] [0x104fc0520] activating connection: mach=true listener=false peer=false name=com.apple.UIKit.KeyboardManagement.hosted
2026-06-12 19:14:05.515 Db OpenClaw[9237:141df2] [com.apple.defaults:User Defaults] found no value for key gateway.preferredStableID in CFPrefsSearchListSource<0x600002c04500> (Domain: ai.openclaw.ios.dev.colin, Container: (null) Non-launch persona: 0)
2026-06-12 19:14:05.515 Db OpenClaw[9237:141df2] [com.apple.defaults:User Defaults] looked up value _openclaw-gw._tcp|local.|YEB-MAC-CJ (OpenClaw) (2) for key gateway.lastDiscoveredStableID in CFPrefsPlistSource<0x600002c00180> (Domain: ai.openclaw.ios.dev.colin, User: kCFPreferencesCurrentUser, ByHost: No, Container: (null), Contents Need Refresh: No) via CFPrefsSearchListSource<0x600002c04500> (Domain: ai.openclaw.ios.dev.colin, Container: (null) Non-launch persona: 0)
2026-06-12 19:14:05.515 Df OpenClaw[9237:141df2] [com.apple.UIKit:AppLifecycle] sceneOfRecord: sceneID: sceneID:ai.openclaw.ios.dev.colin-default  persistentID: 55766D15-BE9D-4452-98D0-BE0CBECD0760
2026-06-12 19:14:05.515 Db OpenClaw[9237:141df2] [com.apple.BacklightServices:scenes] 0x600000c67960 environment updated:sceneID:ai.openclaw.ios.dev.colin-default
  delta:{ visualState:0 date:0 active:0 seed:0 }
  diff:<FBSSceneSettingsDiff: 0x6000018710c0; UIApplicationSceneSettings> {
    settings = <BSKeyedSettingsDiff: 0x600000e14990> {
        _UISceneRenderingEnvironmentSettings = <BSKeyedSettingsDiff: 0x600000e147b0> {
            activeAppearance = 1;
        };
    };
}
  new:(null) (null)
  old:(null) (null)
  new:(null)
2026-06-12 19:14:05.515 Df OpenClaw[9237:141df2] [com.apple.UIKit:InterfaceStyle] Not push traits update to screen for new style 1, <UIWindowScene: 0x10600da60> (55766D15-BE9D-4452-98D0-BE0CBECD0760)
2026-06-12 19:14:05.515 Db OpenClaw[9237:141df2] [com.apple.BaseBoard:Common] [BSBlockSentinel:FBSScene] signaled! 1 of 2
2026-06-12 19:14:05.516 Df OpenClaw[9237:141df2] [com.apple.UIKit:AppLifecycle] sceneOfRecord: sceneID: sceneID:ai.openclaw.ios.dev.colin-default  persistentID: 55766D15-BE9D-4452-98D0-BE0CBECD0760
2026-06-12 19:14:05.516 Db OpenClaw[9237:141df2] [com.apple.BacklightServices:scenes] 0x600000c67960 environment updated:sceneID:ai.openclaw.ios.dev.colin-default
  delta:{ visualState:0 date:0 active:0 seed:0 }
  diff:<FBSSceneSettingsDiff: 0x600001900040; UIApplicationSceneSettings> {
    subclassSettings = <BSSettingsDiff: 0x600000d8b9f0> {
        targetOfEventDeferringEnvironments = keyboardFocus;
        scenePresenterRenderIdentifierForSnapshotting = ad85ffd3f8f5c9e4;
    };
}
  new:(null) (null)
  old:(null) (null)
  new:(null)
2026-06-12 19:14:05.516 Db OpenClaw[9237:141df2] [com.apple.BaseBoard:Common] [BSBlockSentinel:FBSScene] signaled! 1 of 2
2026-06-12 19:14:05.517 Db OpenClaw[9237:141df2] [com.apple.defaults:User Defaults] found no value for key appearance.preference in CFPrefsSearchListSource<0x600002c04500> (Domain: ai.openclaw.ios.dev.colin, Container: (null) Non-launch persona: 0)
2026-06-12 19:14:05.517 Db OpenClaw[9237:141df2] [com.apple.defaults:User Defaults] found no value for key camera.enabled in CFPrefsSearchListSource<0x600002c04500> (Domain: ai.openclaw.ios.dev.colin, Container: (null) Non-launch persona: 0)
2026-06-12 19:14:05.517 Db OpenClaw[9237:141df2] [com.apple.defaults:User Defaults] found no value for key location.enabledMode in CFPrefsSearchListSource<0x600002c04500> (Domain: ai.openclaw.ios.dev.colin, Container: (null) Non-launch persona: 0)
2026-06-12 19:14:05.517 Db OpenClaw[9237:141df2] [com.apple.defaults:User Defaults] found no value for key screen.preventSleep in CFPrefsSearchListSource<0x600002c04500> (Domain: ai.openclaw.ios.dev.colin, Container: (null) Non-launch persona: 0)
2026-06-12 19:14:05.517 Db OpenClaw[9237:141df2] [com.apple.defaults:User Defaults] looked up value 0 for key talk.enabled in CFPrefsPlistSource<0x600002c00180> (Domain: ai.openclaw.ios.dev.colin, User: kCFPreferencesCurrentUser, ByHost: No, Container: (null), Contents Need Refresh: No) via CFPrefsSearchListSource<0x600002c04500> (Domain: ai.openclaw.ios.dev.colin, Container: (null) Non-launch persona: 0)
2026-06-12 19:14:05.517 Db OpenClaw[9237:141df2] [com.apple.defaults:User Defaults] looked up value 0 for key talk.enabled in CFPrefsPlistSource<0x600002c00180> (Domain: ai.openclaw.ios.dev.colin, User: kCFPreferencesCurrentUser, ByHost: No, Container: (null), Contents Need Refresh: No) via CFPrefsSearchListSource<0x600002c04500> (Domain: ai.openclaw.ios.dev.colin, Container: (null) Non-launch persona: 0)
2026-06-12 19:14:05.517 Db OpenClaw[9237:141df2] [com.apple.defaults:User Defaults] found no value for key voiceWake.enabled in CFPrefsSearchListSource<0x600002c04500> (Domain: ai.openclaw.ios.dev.colin, Container: (null) Non-launch persona: 0)
2026-06-12 19:14:05.517 Db OpenClaw[9237:141df2] [com.apple.defaults:User Defaults] looked up value [REDACTED_SETUP_CODE] for key gateway.setupCode in CFPrefsPlistSource<0x600002c00180> (Domain: ai.openclaw.ios.dev.colin, User: kCFPreferencesCurrentUser, ByHost: No, Container: (null), Contents Need Refresh: No) via CFPrefsSearchListSource<0x600002c04500> (Domain: ai.openclaw.ios.dev.colin, Container: (null) Non-launch persona: 0)
2026-06-12 19:14:05.518 Db OpenClaw[9237:141df2] [com.apple.CFBundle:strings] Bundle: CFBundle 0x600003b55960 </Library/Developer/CoreSimulator/Volumes/iOS_23C54/Library/Developer/CoreSimulator/Profiles/Runtimes/iOS 26.2.simruntime/Contents/Resources/RuntimeRoot/System/Library/Frameworks/Accessibility.framework> (not loaded), key: black, value: , table: Accessibility, localizationNames: (null), result: black
2026-06-12 19:14:05.518 Db OpenClaw[9237:141df2] [com.apple.CFBundle:strings] Bundle: CFBundle 0x600003b55960 </Library/Developer/CoreSimulator/Volumes/iOS_23C54/Library/Developer/CoreSimulator/Profiles/Runtimes/iOS 26.2.simruntime/Contents/Resources/RuntimeRoot/System/Library/Frameworks/Accessibility.framework> (not loaded), key: black, value: , table: Accessibility, localizationNames: (null), result: black
2026-06-12 19:14:05.518 Db OpenClaw[9237:141df2] [com.apple.CFBundle:strings] Bundle: CFBundle 0x600003b55960 </Library/Developer/CoreSimulator/Volumes/iOS_23C54/Library/Developer/CoreSimulator/Profiles/Runtimes/iOS 26.2.simruntime/Contents/Resources/RuntimeRoot/System/Library/Frameworks/Accessibility.framework> (not loaded), key: black, value: , table: Accessibility, localizationNames: (null), result: black
2026-06-12 19:14:05.518 Db OpenClaw[9237:141df2] [com.apple.CFBundle:strings] Bundle: CFBundle 0x600003b55960 </Library/Developer/CoreSimulator/Volumes/iOS_23C54/Library/Developer/CoreSimulator/Profiles/Runtimes/iOS 26.2.simruntime/Contents/Resources/RuntimeRoot/System/Library/Frameworks/Accessibility.framework> (not loaded), key: black, value: , table: Accessibility, localizationNames: (null), result: black
2026-06-12 19:14:05.518 Db OpenClaw[9237:141df2] [com.apple.CFBundle:strings] Bundle: CFBundle 0x600003b55960 </Library/Developer/CoreSimulator/Volumes/iOS_23C54/Library/Developer/CoreSimulator/Profiles/Runtimes/iOS 26.2.simruntime/Contents/Resources/RuntimeRoot/System/Library/Frameworks/Accessibility.framework> (not loaded), key: black, value: , table: Accessibility, localizationNames: (null), result: black
2026-06-12 19:14:05.518 Db OpenClaw[9237:141df2] [com.apple.CFBundle:strings] Bundle: CFBundle 0x600003b55960 </Library/Developer/CoreSimulator/Volumes/iOS_23C54/Library/Developer/CoreSimulator/Profiles/Runtimes/iOS 26.2.simruntime/Contents/Resources/RuntimeRoot/System/Library/Frameworks/Accessibility.framework> (not loaded), key: black, value: , table: Accessibility, localizationNames: (null), result: black
2026-06-12 19:14:05.518 Db OpenClaw[9237:141df2] [com.apple.CFBundle:strings] Bundle: CFBundle 0x600003b55960 </Library/Developer/CoreSimulator/Volumes/iOS_23C54/Library/Developer/CoreSimulator/Profiles/Runtimes/iOS 26.2.simruntime/Contents/Resources/RuntimeRoot/System/Library/Frameworks/Accessibility.framework> (not loaded), key: black, value: , table: Accessibility, localizationNames: (null), result: black
2026-06-12 19:14:05.518 Db OpenClaw[9237:141df2] [com.apple.CFBundle:strings] Bundle: CFBundle 0x600003b55960 </Library/Developer/CoreSimulator/Volumes/iOS_23C54/Library/Developer/CoreSimulator/Profiles/Runtimes/iOS 26.2.simruntime/Contents/Resources/RuntimeRoot/System/Library/Frameworks/Accessibility.framework> (not loaded), key: black, value: , table: Accessibility, localizationNames: (null), result: black
2026-06-12 19:14:05.518 Db OpenClaw[9237:141df2] [com.apple.CFBundle:strings] Bundle: CFBundle 0x600003b55960 </Library/Developer/CoreSimulator/Volumes/iOS_23C54/Library/Developer/CoreSimulator/Profiles/Runtimes/iOS 26.2.simruntime/Contents/Resources/RuntimeRoot/System/Library/Frameworks/Accessibility.framework> (not loaded), key: black, value: , table: Accessibility, localizationNames: (null), result: black
2026-06-12 19:14:05.518 Db OpenClaw[9237:141df2] [com.apple.CFBundle:strings] Bundle: CFBundle 0x600003b55960 </Library/Developer/CoreSimulator/Volumes/iOS_23C54/Library/Developer/CoreSimulator/Profiles/Runtimes/iOS 26.2.simruntime/Contents/Resources/RuntimeRoot/System/Library/Frameworks/Accessibility.framework> (not loaded), key: black, value: , table: Accessibility, localizationNames: (null), result: black
2026-06-12 19:14:05.521 Db OpenClaw[9237:141df2] [com.apple.defaults:User Defaults] found no value for key onboarding.quickSetupDismissed in CFPrefsSearchListSource<0x600002c04500> (Domain: ai.openclaw.ios.dev.colin, Container: (null) Non-launch persona: 0)
2026-06-12 19:14:05.521 Df OpenClaw[9237:141df2] [com.apple.KeyboardArbiter:Client] handleKeyboardChange: set currentKeyboard:N (wasKeyboard:N)
2026-06-12 19:14:05.522 Db OpenClaw[9237:141df2] [com.apple.UIKit:KeyboardVisualMode] useVisualModeWindowed: 0 (windowingModeEnabled: 0)
2026-06-12 19:14:05.522 Db OpenClaw[9237:141df2] [com.apple.UIKit:KeyboardVisualMode] useVisualModeWindowed: 0 (windowingModeEnabled: 0)
2026-06-12 19:14:05.522 Db OpenClaw[9237:141df2] [com.apple.CFBundle:strings] Bundle: CFBundle 0x600003b5dc00 </Library/Developer/CoreSimulator/Volumes/iOS_23C54/Library/Developer/CoreSimulator/Profiles/Runtimes/iOS 26.2.simruntime/Contents/Resources/RuntimeRoot/System/Library/AccessibilityBundles/TextInputUI.axbundle> (framework, loaded), key: expand.toolbar, value: , table: Accessibility, localizationNames: (null), result: Expand toolbar
2026-06-12 19:14:05.522 Db OpenClaw[9237:141df2] [com.apple.UIKit:KeyboardVisualMode] useVisualModeWindowed: 0 (windowingModeEnabled: 0)
2026-06-12 19:14:05.522 Db OpenClaw[9237:141df2] [com.apple.CFBundle:strings] Bundle: CFBundle 0x600003b00380 </Users/solvely/Library/Developer/CoreSimulator/Devices/439E360B-6587-491A-AC3B-9CA7289493F2/data/Containers/Bundle/Application/9F730E00-510E-4A41-9F4F-915B1DF72384/OpenClaw.app> (executable, loaded), key: Reset Onboarding?, value: (null), table: Localizable, localizationNames: (null), result: <same as key>
2026-06-12 19:14:05.522 Db OpenClaw[9237:141df2] [com.apple.CFBundle:strings] Bundle: CFBundle 0x600003b00380 </Users/solvely/Library/Developer/CoreSimulator/Devices/439E360B-6587-491A-AC3B-9CA7289493F2/data/Containers/Bundle/Application/9F730E00-510E-4A41-9F4F-915B1DF72384/OpenClaw.app> (executable, loaded), key: QR Scanner Unavailable, value: (null), table: Localizable, localizationNames: (null), result: <same as key>
2026-06-12 19:14:05.537 Db OpenClaw[9237:141df2] [com.apple.CFBundle:strings] Bundle: CFBundle 0x600003b00380 </Users/solvely/Library/Developer/CoreSimulator/Devices/439E360B-6587-491A-AC3B-9CA7289493F2/data/Containers/Bundle/Application/9F730E00-510E-4A41-9F4F-915B1DF72384/OpenClaw.app> (executable, loaded), key: Reset Onboarding?, value: (null), table: Localizable, localizationNames: (null), result: <same as key>
2026-06-12 19:14:05.537 Db OpenClaw[9237:141df2] [com.apple.CFBundle:strings] Bundle: CFBundle 0x600003b00380 </Users/solvely/Library/Developer/CoreSimulator/Devices/439E360B-6587-491A-AC3B-9CA7289493F2/data/Containers/Bundle/Application/9F730E00-510E-4A41-9F4F-915B1DF72384/OpenClaw.app> (executable, loaded), key: QR Scanner Unavailable, value: (null), table: Localizable, localizationNames: (null), result: <same as key>
2026-06-12 19:14:05.537 Db OpenClaw[9237:141df2] [com.apple.CFBundle:strings] Bundle: CFBundle 0x600003b240e0 </Library/Developer/CoreSimulator/Volumes/iOS_23C54/Library/Developer/CoreSimulator/Profiles/Runtimes/iOS 26.2.simruntime/Contents/Resources/RuntimeRoot/System/Library/PrivateFrameworks/UIKitCore.framework> (not loaded), key: More, value: More, table: Localizable, localizationNames: (null), result: More
2026-06-12 19:14:05.553 Db OpenClaw[9237:141df2] [com.apple.UIKit:NavbarWidthResolver] Available width: 370.000000
2026-06-12 19:14:05.555 Db OpenClaw[9237:1435b8] [com.apple.BaseBoard:Common] [BSBlockSentinel:FBSScene] signaled! 2 of 2
2026-06-12 19:14:05.555 Db OpenClaw[9237:1435b8] [com.apple.BaseBoard:Common] [BSBlockSentinel:FBSScene] dealloc
2026-06-12 19:14:05.555 Db OpenClaw[9237:1435b8] [com.apple.BaseBoard:Common] [BSBlockSentinel:FBSScene] signaled! 2 of 2
2026-06-12 19:14:05.555 Db OpenClaw[9237:1435b8] [com.apple.BaseBoard:Common] [BSBlockSentinel:FBSScene] dealloc
2026-06-12 19:14:05.562 Db OpenClaw[9237:1435b8] [com.apple.runningboard:message] PERF: [app<ai.openclaw.ios.dev.colin((null))>:9237] Received message from runningboardd: async_didChangeInheritances:completion:
2026-06-12 19:14:05.562 A  OpenClaw[9237:1435b8] (RunningBoardServices) didChangeInheritances
2026-06-12 19:14:05.562 Db OpenClaw[9237:1435b8] [com.apple.runningboard:connection] didChangeInheritances: <RBSInheritanceChangeSet| gained:(null) lost:{(
    <RBSInheritance| environment:UIScene:com.apple.frontboard.systemappservices/FBSceneManager:sceneID%3Aai.openclaw.ios.dev.colin-default name:com.apple.frontboard.visibility origID:99362-99557-1603 payload 18348668041502042917>
)}>
2026-06-12 19:14:05.677 Df OpenClaw[9237:141df2] [com.apple.UIKit:InterfaceStyle] Not push traits update to screen for new style 1, <UIWindowScene: 0x10600da60> (55766D15-BE9D-4452-98D0-BE0CBECD0760)
2026-06-12 19:14:05.678 Df OpenClaw[9237:141df2] [com.apple.UIKit:AppLifecycle] sceneOfRecord: sceneID: sceneID:ai.openclaw.ios.dev.colin-default  persistentID: 55766D15-BE9D-4452-98D0-BE0CBECD0760
2026-06-12 19:14:05.678 Df OpenClaw[9237:141df2] [com.apple.UIKit:Application] Deactivation reason removed: 12; deactivation reasons: 4128 -> 32; animating application lifecycle event: 1
2026-06-12 19:14:05.678 Df OpenClaw[9237:141df2] [com.apple.KeyboardArbiter:Client] Send setDeactivating: N (-DeactivationReason:SuspendedEventsOnly)
2026-06-12 19:14:05.679 Df OpenClaw[9237:141df2] [com.apple.UIKit:Application] Deactivation reason removed: 5; deactivation reasons: 32 -> 0; animating application lifecycle event: 0
2026-06-12 19:14:05.679 A  OpenClaw[9237:141df2] (CoreLocation) CL: CLLocationManager
2026-06-12 19:14:05.679 I  OpenClaw[9237:143812] [com.apple.locationd.Core:Client] received client did become active notification
2026-06-12 19:14:05.679 Df OpenClaw[9237:141df2] [com.apple.locationd.Core:Client] {"msg":"CLLocationManager", "event":activity, "_cmd":onDidBecomeActive:, "self":"0x600000010050", "notification":NSConcreteNotification 0x6000005105e0 {name = UIApplicationDidBecomeActiveNotification; object = <_TtC7SwiftUIP33_ACC2C5639A7D76F611E170E831FCA49118SwiftUIApplication: 0x104c0c440>}}
2026-06-12 19:14:05.679 Df OpenClaw[9237:141df2] [com.apple.contacts:CNTCCVersion2] CNTCCVersion2, app is coming into the foreground. reprompt? 1
2026-06-12 19:14:05.679 Db OpenClaw[9237:141df2] [com.apple.TCC:cache] GET: (kTCCServiceAddressBook, <Credential (0x600002915c70) | Requestor>) -> <Authorization Record (0x60000354bbd0) | Service: kTCCServiceAddressBook, AuthRight: Unknown, Reason: None, Version: 2, >
2026-06-12 19:14:05.679 Db OpenClaw[9237:141df2] [com.apple.TCC:access] Using cached authorization: <Authorization Record (0x60000354bbd0) | Service: kTCCServiceAddressBook, AuthRight: Unknown, Reason: None, Version: 2, >
2026-06-12 19:14:05.679 Db OpenClaw[9237:141df2] [com.apple.BacklightServices:scenes] 0x600000c67960 environment updated:sceneID:ai.openclaw.ios.dev.colin-default
  delta:{ visualState:0 date:0 active:0 seed:0 }
  diff:<FBSSceneSettingsDiff: 0x6000018fd940; UIApplicationSceneSettings> {
    subclassSettings = <BSSettingsDiff: 0x600000d87a80> {
        deactivationReasons = ;
    };
}
  new:(null) (null)
  old:(null) (null)
  new:(null)
2026-06-12 19:14:05.679 Db OpenClaw[9237:141df2] [com.apple.BaseBoard:Common] [BSBlockSentinel:FBSScene] signaled! 1 of 2
2026-06-12 19:14:05.680 Db OpenClaw[9237:141df2] [com.apple.defaults:User Defaults] found no value for key screen.preventSleep in CFPrefsSearchListSource<0x600002c04500> (Domain: ai.openclaw.ios.dev.colin, Container: (null) Non-launch persona: 0)
2026-06-12 19:14:05.680 Db OpenClaw[9237:141df2] [com.apple.defaults:User Defaults] found no value for key canvas.debugStatusEnabled in CFPrefsSearchListSource<0x600002c04500> (Domain: ai.openclaw.ios.dev.colin, Container: (null) Non-launch persona: 0)
2026-06-12 19:14:05.680 Db OpenClaw[9237:141df2] [com.apple.defaults:User Defaults] found no value for key onboarding.requestID in CFPrefsSearchListSource<0x600002c04500> (Domain: ai.openclaw.ios.dev.colin, Container: (null) Non-launch persona: 0)
2026-06-12 19:14:05.680 Db OpenClaw[9237:141df2] [com.apple.defaults:User Defaults] found no value for key appearance.preference in CFPrefsSearchListSource<0x600002c04500> (Domain: ai.openclaw.ios.dev.colin, Container: (null) Non-launch persona: 0)
2026-06-12 19:14:05.680 Db OpenClaw[9237:141df2] [com.apple.defaults:User Defaults] found no value for key camera.enabled in CFPrefsSearchListSource<0x600002c04500> (Domain: ai.openclaw.ios.dev.colin, Container: (null) Non-launch persona: 0)
2026-06-12 19:14:05.680 Db OpenClaw[9237:141df2] [com.apple.defaults:User Defaults] found no value for key location.enabledMode in CFPrefsSearchListSource<0x600002c04500> (Domain: ai.openclaw.ios.dev.colin, Container: (null) Non-launch persona: 0)
2026-06-12 19:14:05.680 Db OpenClaw[9237:141df2] [com.apple.defaults:User Defaults] found no value for key screen.preventSleep in CFPrefsSearchListSource<0x600002c04500> (Domain: ai.openclaw.ios.dev.colin, Container: (null) Non-launch persona: 0)
2026-06-12 19:14:05.681 Db OpenClaw[9237:141df2] [com.apple.defaults:User Defaults] looked up value 0 for key talk.enabled in CFPrefsPlistSource<0x600002c00180> (Domain: ai.openclaw.ios.dev.colin, User: kCFPreferencesCurrentUser, ByHost: No, Container: (null), Contents Need Refresh: No) via CFPrefsSearchListSource<0x600002c04500> (Domain: ai.openclaw.ios.dev.colin, Container: (null) Non-launch persona: 0)
2026-06-12 19:14:05.681 Db OpenClaw[9237:141df2] [com.apple.defaults:User Defaults] looked up value 0 for key talk.enabled in CFPrefsPlistSource<0x600002c00180> (Domain: ai.openclaw.ios.dev.colin, User: kCFPreferencesCurrentUser, ByHost: No, Container: (null), Contents Need Refresh: No) via CFPrefsSearchListSource<0x600002c04500> (Domain: ai.openclaw.ios.dev.colin, Container: (null) Non-launch persona: 0)
2026-06-12 19:14:05.681 Db OpenClaw[9237:141df2] [com.apple.defaults:User Defaults] found no value for key voiceWake.enabled in CFPrefsSearchListSource<0x600002c04500> (Domain: ai.openclaw.ios.dev.colin, Container: (null) Non-launch persona: 0)
2026-06-12 19:14:05.681 Db OpenClaw[9237:141df2] [com.apple.defaults:User Defaults] looked up value [REDACTED_SETUP_CODE] for key gateway.setupCode in CFPrefsPlistSource<0x600002c00180> (Domain: ai.openclaw.ios.dev.colin, User: kCFPreferencesCurrentUser, ByHost: No, Container: (null), Contents Need Refresh: No) via CFPrefsSearchListSource<0x600002c04500> (Domain: ai.openclaw.ios.dev.colin, Container: (null) Non-launch persona: 0)
2026-06-12 19:14:05.683 Db OpenClaw[9237:141df2] [com.apple.CFBundle:strings] Bundle: CFBundle 0x600003b00380 </Users/solvely/Library/Developer/CoreSimulator/Devices/439E360B-6587-491A-AC3B-9CA7289493F2/data/Containers/Bundle/Application/9F730E00-510E-4A41-9F4F-915B1DF72384/OpenClaw.app> (executable, loaded), key: Reset Onboarding?, value: (null), table: Localizable, localizationNames: (null), result: <same as key>
2026-06-12 19:14:05.683 Db OpenClaw[9237:141df2] [com.apple.CFBundle:strings] Bundle: CFBundle 0x600003b00380 </Users/solvely/Library/Developer/CoreSimulator/Devices/439E360B-6587-491A-AC3B-9CA7289493F2/data/Containers/Bundle/Application/9F730E00-510E-4A41-9F4F-915B1DF72384/OpenClaw.app> (executable, loaded), key: QR Scanner Unavailable, value: (null), table: Localizable, localizationNames: (null), result: <same as key>
2026-06-12 19:14:05.687 Db OpenClaw[9237:141df2] [com.apple.CFBundle:strings] Bundle: CFBundle 0x600003b55960 </Library/Developer/CoreSimulator/Volumes/iOS_23C54/Library/Developer/CoreSimulator/Profiles/Runtimes/iOS 26.2.simruntime/Contents/Resources/RuntimeRoot/System/Library/Frameworks/Accessibility.framework> (not loaded), key: black, value: , table: Accessibility, localizationNames: (null), result: black
2026-06-12 19:14:05.687 Db OpenClaw[9237:141df2] [com.apple.CFBundle:strings] Bundle: CFBundle 0x600003b55960 </Library/Developer/CoreSimulator/Volumes/iOS_23C54/Library/Developer/CoreSimulator/Profiles/Runtimes/iOS 26.2.simruntime/Contents/Resources/RuntimeRoot/System/Library/Frameworks/Accessibility.framework> (not loaded), key: black, value: , table: Accessibility, localizationNames: (null), result: black
2026-06-12 19:14:05.687 Db OpenClaw[9237:141df2] [com.apple.CFBundle:strings] Bundle: CFBundle 0x600003b55960 </Library/Developer/CoreSimulator/Volumes/iOS_23C54/Library/Developer/CoreSimulator/Profiles/Runtimes/iOS 26.2.simruntime/Contents/Resources/RuntimeRoot/System/Library/Frameworks/Accessibility.framework> (not loaded), key: black, value: , table: Accessibility, localizationNames: (null), result: black
2026-06-12 19:14:05.687 Db OpenClaw[9237:141df2] [com.apple.CFBundle:strings] Bundle: CFBundle 0x600003b55960 </Library/Developer/CoreSimulator/Volumes/iOS_23C54/Library/Developer/CoreSimulator/Profiles/Runtimes/iOS 26.2.simruntime/Contents/Resources/RuntimeRoot/System/Library/Frameworks/Accessibility.framework> (not loaded), key: black, value: , table: Accessibility, localizationNames: (null), result: black
2026-06-12 19:14:05.687 Db OpenClaw[9237:141df2] [com.apple.CFBundle:strings] Bundle: CFBundle 0x600003b55960 </Library/Developer/CoreSimulator/Volumes/iOS_23C54/Library/Developer/CoreSimulator/Profiles/Runtimes/iOS 26.2.simruntime/Contents/Resources/RuntimeRoot/System/Library/Frameworks/Accessibility.framework> (not loaded), key: black, value: , table: Accessibility, localizationNames: (null), result: black
2026-06-12 19:14:05.687 Db OpenClaw[9237:141df2] [com.apple.CFBundle:strings] Bundle: CFBundle 0x600003b55960 </Library/Developer/CoreSimulator/Volumes/iOS_23C54/Library/Developer/CoreSimulator/Profiles/Runtimes/iOS 26.2.simruntime/Contents/Resources/RuntimeRoot/System/Library/Frameworks/Accessibility.framework> (not loaded), key: black, value: , table: Accessibility, localizationNames: (null), result: black
2026-06-12 19:14:05.687 Db OpenClaw[9237:141df2] [com.apple.CFBundle:strings] Bundle: CFBundle 0x600003b55960 </Library/Developer/CoreSimulator/Volumes/iOS_23C54/Library/Developer/CoreSimulator/Profiles/Runtimes/iOS 26.2.simruntime/Contents/Resources/RuntimeRoot/System/Library/Frameworks/Accessibility.framework> (not loaded), key: black, value: , table: Accessibility, localizationNames: (null), result: black
2026-06-12 19:14:05.688 Db OpenClaw[9237:141df2] [com.apple.CFBundle:strings] Bundle: CFBundle 0x600003b55960 </Library/Developer/CoreSimulator/Volumes/iOS_23C54/Library/Developer/CoreSimulator/Profiles/Runtimes/iOS 26.2.simruntime/Contents/Resources/RuntimeRoot/System/Library/Frameworks/Accessibility.framework> (not loaded), key: black, value: , table: Accessibility, localizationNames: (null), result: black
2026-06-12 19:14:05.688 Db OpenClaw[9237:141df2] [com.apple.CFBundle:strings] Bundle: CFBundle 0x600003b55960 </Library/Developer/CoreSimulator/Volumes/iOS_23C54/Library/Developer/CoreSimulator/Profiles/Runtimes/iOS 26.2.simruntime/Contents/Resources/RuntimeRoot/System/Library/Frameworks/Accessibility.framework> (not loaded), key: black, value: , table: Accessibility, localizationNames: (null), result: black
2026-06-12 19:14:05.688 Db OpenClaw[9237:141df2] [com.apple.CFBundle:strings] Bundle: CFBundle 0x600003b55960 </Library/Developer/CoreSimulator/Volumes/iOS_23C54/Library/Developer/CoreSimulator/Profiles/Runtimes/iOS 26.2.simruntime/Contents/Resources/RuntimeRoot/System/Library/Frameworks/Accessibility.framework> (not loaded), key: black, value: , table: Accessibility, localizationNames: (null), result: black
2026-06-12 19:14:05.695 Db OpenClaw[9237:141df2] [com.apple.CFBundle:strings] Bundle: CFBundle 0x600003b240e0 </Library/Developer/CoreSimulator/Volumes/iOS_23C54/Library/Developer/CoreSimulator/Profiles/Runtimes/iOS 26.2.simruntime/Contents/Resources/RuntimeRoot/System/Library/PrivateFrameworks/UIKitCore.framework> (not loaded), key: More, value: More, table: Localizable, localizationNames: (null), result: More
2026-06-12 19:14:05.696 Db OpenClaw[9237:141df2] [com.apple.defaults:User Defaults] found no value for key talk.background.enabled in CFPrefsSearchListSource<0x600002c04500> (Domain: ai.openclaw.ios.dev.colin, Container: (null) Non-launch persona: 0)
2026-06-12 19:14:05.697 I  OpenClaw[9237:141df2] [ai.openclaw.ios:GatewayDiag] [2026-06-12T23:14:05.697Z] node app model: scene phase=active
2026-06-12 19:14:05.697 I  OpenClaw[9237:141df2] [ai.openclaw.ios:GatewayDiag] [2026-06-12T23:14:05.697Z] app delegate: scene phase changed=active
2026-06-12 19:14:05.698 Db OpenClaw[9237:141df2] [com.apple.defaults:User Defaults] found no value for key gateway.manual.port in CFPrefsSearchListSource<0x600002c04500> (Domain: ai.openclaw.ios.dev.colin, Container: (null) Non-launch persona: 0)
2026-06-12 19:14:05.698 Db OpenClaw[9237:141df2] [com.apple.defaults:User Defaults] CFPrefsPlistSource<0x600002c0e480> (Domain: group.ai.openclaw.shared, User: kCFPreferencesCurrentUser, ByHost: No, Container: /Users/solvely/Library/Developer/CoreSimulator/Devices/439E360B-6587-491A-AC3B-9CA7289493F2/data, Contents Need Refresh: No) loaded: an empty base plist and no additional changes from the base plist
2026-06-12 19:14:05.698 Db OpenClaw[9237:141df2] [com.apple.defaults:User Defaults] CFPrefsPlistSource<0x600002c0e580> (Domain: group.ai.openclaw.shared, User: kCFPreferencesCurrentUser, ByHost: Yes, Container: (null), Contents Need Refresh: No) loaded: an empty base plist and no additional changes from the base plist
2026-06-12 19:14:05.698 Db OpenClaw[9237:141df2] [com.apple.defaults:User Defaults] found no value for key share.defaultInstruction in CFPrefsSearchListSource<0x600002c0e180> (Domain: group.ai.openclaw.shared, Container: (null) Non-launch persona: 0)
2026-06-12 19:14:05.698 Db OpenClaw[9237:141df2] [com.apple.defaults:User Defaults] looked up value 54F1B351-DB73-4A6A-A845-D0FE56E1C65F for key node.instanceId in CFPrefsPlistSource<0x600002c00180> (Domain: ai.openclaw.ios.dev.colin, User: kCFPreferencesCurrentUser, ByHost: No, Container: (null), Contents Need Refresh: No) via CFPrefsSearchListSource<0x600002c04500> (Domain: ai.openclaw.ios.dev.colin, Container: (null) Non-launch persona: 0)
2026-06-12 19:14:05.698 A  OpenClaw[9237:141df2] (Security) SecItemCopyMatching_ios
2026-06-12 19:14:05.698 A  OpenClaw[9237:141df2] (Security) SecItemCopyMatching_ios
2026-06-12 19:14:05.699 Df OpenClaw[9237:141df2] [com.apple.UserNotifications:Connections] [ai.openclaw.ios.dev.colin] Getting notification settings (async)
2026-06-12 19:14:05.699 Df OpenClaw[9237:143812] [com.apple.UserNotifications:Connections] [ai.openclaw.ios.dev.colin] Got notification settings [ hasResult: 1 hasCompletionHandler: 1 ]
2026-06-12 19:14:05.712 Db OpenClaw[9237:143812] [com.apple.BaseBoard:Common] [BSBlockSentinel:FBSScene] signaled! 2 of 2
2026-06-12 19:14:05.712 Db OpenClaw[9237:143812] [com.apple.BaseBoard:Common] [BSBlockSentinel:FBSScene] dealloc
2026-06-12 19:14:05.847 Db OpenClaw[9237:141df2] [com.apple.defaults:User Defaults] found no value for key appearance.preference in CFPrefsSearchListSource<0x600002c04500> (Domain: ai.openclaw.ios.dev.colin, Container: (null) Non-launch persona: 0)
2026-06-12 19:14:05.847 Db OpenClaw[9237:141df2] [com.apple.defaults:User Defaults] found no value for key camera.enabled in CFPrefsSearchListSource<0x600002c04500> (Domain: ai.openclaw.ios.dev.colin, Container: (null) Non-launch persona: 0)
2026-06-12 19:14:05.847 Db OpenClaw[9237:141df2] [com.apple.defaults:User Defaults] found no value for key location.enabledMode in CFPrefsSearchListSource<0x600002c04500> (Domain: ai.openclaw.ios.dev.colin, Container: (null) Non-launch persona: 0)
2026-06-12 19:14:05.847 Db OpenClaw[9237:141df2] [com.apple.defaults:User Defaults] found no value for key screen.preventSleep in CFPrefsSearchListSource<0x600002c04500> (Domain: ai.openclaw.ios.dev.colin, Container: (null) Non-launch persona: 0)
2026-06-12 19:14:05.847 Db OpenClaw[9237:141df2] [com.apple.defaults:User Defaults] looked up value 0 for key talk.enabled in CFPrefsPlistSource<0x600002c00180> (Domain: ai.openclaw.ios.dev.colin, User: kCFPreferencesCurrentUser, ByHost: No, Container: (null), Contents Need Refresh: No) via CFPrefsSearchListSource<0x600002c04500> (Domain: ai.openclaw.ios.dev.colin, Container: (null) Non-launch persona: 0)
2026-06-12 19:14:05.847 Db OpenClaw[9237:141df2] [com.apple.defaults:User Defaults] looked up value 0 for key talk.enabled in CFPrefsPlistSource<0x600002c00180> (Domain: ai.openclaw.ios.dev.colin, User: kCFPreferencesCurrentUser, ByHost: No, Container: (null), Contents Need Refresh: No) via CFPrefsSearchListSource<0x600002c04500> (Domain: ai.openclaw.ios.dev.colin, Container: (null) Non-launch persona: 0)
2026-06-12 19:14:05.848 Db OpenClaw[9237:141df2] [com.apple.defaults:User Defaults] found no value for key voiceWake.enabled in CFPrefsSearchListSource<0x600002c04500> (Domain: ai.openclaw.ios.dev.colin, Container: (null) Non-launch persona: 0)
2026-06-12 19:14:05.848 Db OpenClaw[9237:141df2] [com.apple.defaults:User Defaults] looked up value [REDACTED_SETUP_CODE] for key gateway.setupCode in CFPrefsPlistSource<0x600002c00180> (Domain: ai.openclaw.ios.dev.colin, User: kCFPreferencesCurrentUser, ByHost: No, Container: (null), Contents Need Refresh: No) via CFPrefsSearchListSource<0x600002c04500> (Domain: ai.openclaw.ios.dev.colin, Container: (null) Non-launch persona: 0)
2026-06-12 19:14:05.848 Db OpenClaw[9237:141df2] [com.apple.CFBundle:strings] Bundle: CFBundle 0x600003b55960 </Library/Developer/CoreSimulator/Volumes/iOS_23C54/Library/Developer/CoreSimulator/Profiles/Runtimes/iOS 26.2.simruntime/Contents/Resources/RuntimeRoot/System/Library/Frameworks/Accessibility.framework> (not loaded), key: black, value: , table: Accessibility, localizationNames: (null), result: black
2026-06-12 19:14:05.848 Db OpenClaw[9237:141df2] [com.apple.CFBundle:strings] Bundle: CFBundle 0x600003b55960 </Library/Developer/CoreSimulator/Volumes/iOS_23C54/Library/Developer/CoreSimulator/Profiles/Runtimes/iOS 26.2.simruntime/Contents/Resources/RuntimeRoot/System/Library/Frameworks/Accessibility.framework> (not loaded), key: black, value: , table: Accessibility, localizationNames: (null), result: black
2026-06-12 19:14:05.848 Db OpenClaw[9237:141df2] [com.apple.CFBundle:strings] Bundle: CFBundle 0x600003b55960 </Library/Developer/CoreSimulator/Volumes/iOS_23C54/Library/Developer/CoreSimulator/Profiles/Runtimes/iOS 26.2.simruntime/Contents/Resources/RuntimeRoot/System/Library/Frameworks/Accessibility.framework> (not loaded), key: black, value: , table: Accessibility, localizationNames: (null), result: black
2026-06-12 19:14:05.848 Db OpenClaw[9237:141df2] [com.apple.CFBundle:strings] Bundle: CFBundle 0x600003b55960 </Library/Developer/CoreSimulator/Volumes/iOS_23C54/Library/Developer/CoreSimulator/Profiles/Runtimes/iOS 26.2.simruntime/Contents/Resources/RuntimeRoot/System/Library/Frameworks/Accessibility.framework> (not loaded), key: black, value: , table: Accessibility, localizationNames: (null), result: black
2026-06-12 19:14:05.848 Db OpenClaw[9237:141df2] [com.apple.CFBundle:strings] Bundle: CFBundle 0x600003b55960 </Library/Developer/CoreSimulator/Volumes/iOS_23C54/Library/Developer/CoreSimulator/Profiles/Runtimes/iOS 26.2.simruntime/Contents/Resources/RuntimeRoot/System/Library/Frameworks/Accessibility.framework> (not loaded), key: black, value: , table: Accessibility, localizationNames: (null), result: black
2026-06-12 19:14:05.848 Db OpenClaw[9237:141df2] [com.apple.CFBundle:strings] Bundle: CFBundle 0x600003b55960 </Library/Developer/CoreSimulator/Volumes/iOS_23C54/Library/Developer/CoreSimulator/Profiles/Runtimes/iOS 26.2.simruntime/Contents/Resources/RuntimeRoot/System/Library/Frameworks/Accessibility.framework> (not loaded), key: black, value: , table: Accessibility, localizationNames: (null), result: black
2026-06-12 19:14:05.849 Db OpenClaw[9237:141df2] [com.apple.CFBundle:strings] Bundle: CFBundle 0x600003b55960 </Library/Developer/CoreSimulator/Volumes/iOS_23C54/Library/Developer/CoreSimulator/Profiles/Runtimes/iOS 26.2.simruntime/Contents/Resources/RuntimeRoot/System/Library/Frameworks/Accessibility.framework> (not loaded), key: black, value: , table: Accessibility, localizationNames: (null), result: black
2026-06-12 19:14:05.849 Db OpenClaw[9237:141df2] [com.apple.CFBundle:strings] Bundle: CFBundle 0x600003b55960 </Library/Developer/CoreSimulator/Volumes/iOS_23C54/Library/Developer/CoreSimulator/Profiles/Runtimes/iOS 26.2.simruntime/Contents/Resources/RuntimeRoot/System/Library/Frameworks/Accessibility.framework> (not loaded), key: black, value: , table: Accessibility, localizationNames: (null), result: black
2026-06-12 19:14:05.849 Db OpenClaw[9237:141df2] [com.apple.CFBundle:strings] Bundle: CFBundle 0x600003b55960 </Library/Developer/CoreSimulator/Volumes/iOS_23C54/Library/Developer/CoreSimulator/Profiles/Runtimes/iOS 26.2.simruntime/Contents/Resources/RuntimeRoot/System/Library/Frameworks/Accessibility.framework> (not loaded), key: black, value: , table: Accessibility, localizationNames: (null), result: black
2026-06-12 19:14:05.849 Db OpenClaw[9237:141df2] [com.apple.CFBundle:strings] Bundle: CFBundle 0x600003b55960 </Library/Developer/CoreSimulator/Volumes/iOS_23C54/Library/Developer/CoreSimulator/Profiles/Runtimes/iOS 26.2.simruntime/Contents/Resources/RuntimeRoot/System/Library/Frameworks/Accessibility.framework> (not loaded), key: black, value: , table: Accessibility, localizationNames: (null), result: black
2026-06-12 19:14:05.853 Db OpenClaw[9237:141df2] [com.apple.CFBundle:strings] Bundle: CFBundle 0x600003b00380 </Users/solvely/Library/Developer/CoreSimulator/Devices/439E360B-6587-491A-AC3B-9CA7289493F2/data/Containers/Bundle/Application/9F730E00-510E-4A41-9F4F-915B1DF72384/OpenClaw.app> (executable, loaded), key: Reset Onboarding?, value: (null), table: Localizable, localizationNames: (null), result: <same as key>
2026-06-12 19:14:05.853 Db OpenClaw[9237:141df2] [com.apple.CFBundle:strings] Bundle: CFBundle 0x600003b00380 </Users/solvely/Library/Developer/CoreSimulator/Devices/439E360B-6587-491A-AC3B-9CA7289493F2/data/Containers/Bundle/Application/9F730E00-510E-4A41-9F4F-915B1DF72384/OpenClaw.app> (executable, loaded), key: QR Scanner Unavailable, value: (null), table: Localizable, localizationNames: (null), result: <same as key>
2026-06-12 19:14:05.858 Db OpenClaw[9237:141df2] [com.apple.defaults:User Defaults] found no value for key appearance.preference in CFPrefsSearchListSource<0x600002c04500> (Domain: ai.openclaw.ios.dev.colin, Container: (null) Non-launch persona: 0)
2026-06-12 19:14:05.858 Db OpenClaw[9237:141df2] [com.apple.defaults:User Defaults] found no value for key camera.enabled in CFPrefsSearchListSource<0x600002c04500> (Domain: ai.openclaw.ios.dev.colin, Container: (null) Non-launch persona: 0)
2026-06-12 19:14:05.858 Db OpenClaw[9237:141df2] [com.apple.defaults:User Defaults] found no value for key location.enabledMode in CFPrefsSearchListSource<0x600002c04500> (Domain: ai.openclaw.ios.dev.colin, Container: (null) Non-launch persona: 0)
2026-06-12 19:14:05.858 Db OpenClaw[9237:141df2] [com.apple.defaults:User Defaults] found no value for key screen.preventSleep in CFPrefsSearchListSource<0x600002c04500> (Domain: ai.openclaw.ios.dev.colin, Container: (null) Non-launch persona: 0)
2026-06-12 19:14:05.858 Db OpenClaw[9237:141df2] [com.apple.defaults:User Defaults] looked up value 0 for key talk.enabled in CFPrefsPlistSource<0x600002c00180> (Domain: ai.openclaw.ios.dev.colin, User: kCFPreferencesCurrentUser, ByHost: No, Container: (null), Contents Need Refresh: No) via CFPrefsSearchListSource<0x600002c04500> (Domain: ai.openclaw.ios.dev.colin, Container: (null) Non-launch persona: 0)
2026-06-12 19:14:05.858 Db OpenClaw[9237:141df2] [com.apple.defaults:User Defaults] looked up value 0 for key talk.enabled in CFPrefsPlistSource<0x600002c00180> (Domain: ai.openclaw.ios.dev.colin, User: kCFPreferencesCurrentUser, ByHost: No, Container: (null), Contents Need Refresh: No) via CFPrefsSearchListSource<0x600002c04500> (Domain: ai.openclaw.ios.dev.colin, Container: (null) Non-launch persona: 0)
2026-06-12 19:14:05.858 Db OpenClaw[9237:141df2] [com.apple.defaults:User Defaults] found no value for key voiceWake.enabled in CFPrefsSearchListSource<0x600002c04500> (Domain: ai.openclaw.ios.dev.colin, Container: (null) Non-launch persona: 0)
2026-06-12 19:14:05.858 Db OpenClaw[9237:141df2] [com.apple.defaults:User Defaults] looked up value [REDACTED_SETUP_CODE] for key gateway.setupCode in CFPrefsPlistSource<0x600002c00180> (Domain: ai.openclaw.ios.dev.colin, User: kCFPreferencesCurrentUser, ByHost: No, Container: (null), Contents Need Refresh: No) via CFPrefsSearchListSource<0x600002c04500> (Domain: ai.openclaw.ios.dev.colin, Container: (null) Non-launch persona: 0)
2026-06-12 19:14:05.858 Db OpenClaw[9237:141df2] [com.apple.CFBundle:strings] Bundle: CFBundle 0x600003b55960 </Library/Developer/CoreSimulator/Volumes/iOS_23C54/Library/Developer/CoreSimulator/Profiles/Runtimes/iOS 26.2.simruntime/Contents/Resources/RuntimeRoot/System/Library/Frameworks/Accessibility.framework> (not loaded), key: black, value: , table: Accessibility, localizationNames: (null), result: black
2026-06-12 19:14:05.859 Db OpenClaw[9237:141df2] [com.apple.CFBundle:strings] Bundle: CFBundle 0x600003b55960 </Library/Developer/CoreSimulator/Volumes/iOS_23C54/Library/Developer/CoreSimulator/Profiles/Runtimes/iOS 26.2.simruntime/Contents/Resources/RuntimeRoot/System/Library/Frameworks/Accessibility.framework> (not loaded), key: black, value: , table: Accessibility, localizationNames: (null), result: black
2026-06-12 19:14:05.859 Db OpenClaw[9237:141df2] [com.apple.CFBundle:strings] Bundle: CFBundle 0x600003b55960 </Library/Developer/CoreSimulator/Volumes/iOS_23C54/Library/Developer/CoreSimulator/Profiles/Runtimes/iOS 26.2.simruntime/Contents/Resources/RuntimeRoot/System/Library/Frameworks/Accessibility.framework> (not loaded), key: black, value: , table: Accessibility, localizationNames: (null), result: black
2026-06-12 19:14:05.859 Db OpenClaw[9237:141df2] [com.apple.CFBundle:strings] Bundle: CFBundle 0x600003b55960 </Library/Developer/CoreSimulator/Volumes/iOS_23C54/Library/Developer/CoreSimulator/Profiles/Runtimes/iOS 26.2.simruntime/Contents/Resources/RuntimeRoot/System/Library/Frameworks/Accessibility.framework> (not loaded), key: black, value: , table: Accessibility, localizationNames: (null), result: black
2026-06-12 19:14:05.859 Db OpenClaw[9237:141df2] [com.apple.CFBundle:strings] Bundle: CFBundle 0x600003b55960 </Library/Developer/CoreSimulator/Volumes/iOS_23C54/Library/Developer/CoreSimulator/Profiles/Runtimes/iOS 26.2.simruntime/Contents/Resources/RuntimeRoot/System/Library/Frameworks/Accessibility.framework> (not loaded), key: black, value: , table: Accessibility, localizationNames: (null), result: black
2026-06-12 19:14:05.859 Db OpenClaw[9237:141df2] [com.apple.CFBundle:strings] Bundle: CFBundle 0x600003b55960 </Library/Developer/CoreSimulator/Volumes/iOS_23C54/Library/Developer/CoreSimulator/Profiles/Runtimes/iOS 26.2.simruntime/Contents/Resources/RuntimeRoot/System/Library/Frameworks/Accessibility.framework> (not loaded), key: black, value: , table: Accessibility, localizationNames: (null), result: black
2026-06-12 19:14:05.859 Db OpenClaw[9237:141df2] [com.apple.CFBundle:strings] Bundle: CFBundle 0x600003b55960 </Library/Developer/CoreSimulator/Volumes/iOS_23C54/Library/Developer/CoreSimulator/Profiles/Runtimes/iOS 26.2.simruntime/Contents/Resources/RuntimeRoot/System/Library/Frameworks/Accessibility.framework> (not loaded), key: black, value: , table: Accessibility, localizationNames: (null), result: black
2026-06-12 19:14:05.859 Db OpenClaw[9237:141df2] [com.apple.CFBundle:strings] Bundle: CFBundle 0x600003b55960 </Library/Developer/CoreSimulator/Volumes/iOS_23C54/Library/Developer/CoreSimulator/Profiles/Runtimes/iOS 26.2.simruntime/Contents/Resources/RuntimeRoot/System/Library/Frameworks/Accessibility.framework> (not loaded), key: black, value: , table: Accessibility, localizationNames: (null), result: black
2026-06-12 19:14:05.859 Db OpenClaw[9237:141df2] [com.apple.CFBundle:strings] Bundle: CFBundle 0x600003b55960 </Library/Developer/CoreSimulator/Volumes/iOS_23C54/Library/Developer/CoreSimulator/Profiles/Runtimes/iOS 26.2.simruntime/Contents/Resources/RuntimeRoot/System/Library/Frameworks/Accessibility.framework> (not loaded), key: black, value: , table: Accessibility, localizationNames: (null), result: black
2026-06-12 19:14:05.859 Db OpenClaw[9237:141df2] [com.apple.CFBundle:strings] Bundle: CFBundle 0x600003b55960 </Library/Developer/CoreSimulator/Volumes/iOS_23C54/Library/Developer/CoreSimulator/Profiles/Runtimes/iOS 26.2.simruntime/Contents/Resources/RuntimeRoot/System/Library/Frameworks/Accessibility.framework> (not loaded), key: black, value: , table: Accessibility, localizationNames: (null), result: black
2026-06-12 19:14:05.863 Db OpenClaw[9237:141df2] [com.apple.CFBundle:strings] Bundle: CFBundle 0x600003b00380 </Users/solvely/Library/Developer/CoreSimulator/Devices/439E360B-6587-491A-AC3B-9CA7289493F2/data/Containers/Bundle/Application/9F730E00-510E-4A41-9F4F-915B1DF72384/OpenClaw.app> (executable, loaded), key: Reset Onboarding?, value: (null), table: Localizable, localizationNames: (null), result: <same as key>
2026-06-12 19:14:05.863 Db OpenClaw[9237:141df2] [com.apple.CFBundle:strings] Bundle: CFBundle 0x600003b00380 </Users/solvely/Library/Developer/CoreSimulator/Devices/439E360B-6587-491A-AC3B-9CA7289493F2/data/Containers/Bundle/Application/9F730E00-510E-4A41-9F4F-915B1DF72384/OpenClaw.app> (executable, loaded), key: QR Scanner Unavailable, value: (null), table: Localizable, localizationNames: (null), result: <same as key>
2026-06-12 19:14:05.884 Db OpenClaw[9237:141df2] [com.apple.UIKit:KeyboardVisualMode] useVisualModeWindowed: 0 (windowingModeEnabled: 0)
2026-06-12 19:14:05.884 Db OpenClaw[9237:141df2] [com.apple.UIKit:KeyboardVisualMode] useVisualModeWindowed: 0 (windowingModeEnabled: 0)
2026-06-12 19:14:09.250 Db OpenClaw[9237:143811] [com.apple.network:endpoint] endpoint IPv4#fbf4d83c:18789 has nothing to cleanup, no protocol instance registrars
2026-06-12 19:14:09.250 Db OpenClaw[9237:143811] [com.apple.network:endpoint] endpoint IPv4#fbf4d83c:18789 has associations
2026-06-12 19:14:09.250 Db OpenClaw[9237:143811] [com.apple.network:endpoint] endpoint IPv4#fbf4d83c:18789 has nothing to cleanup, no protocol instance registrars
2026-06-12 19:14:09.250 Db OpenClaw[9237:143811] [com.apple.network:endpoint] endpoint IPv4#fbf4d83c:18789 has associations
2026-06-12 19:14:10.675 Db OpenClaw[9237:142c14] [com.apple.cfnetwork:websocket] Task <7A8528BF-1841-44C1-87BE-FD682815003F>.<1> Sent ping 3
2026-06-12 19:14:10.675 Db OpenClaw[9237:143812] [com.apple.cfnetwork:websocket] Task <D714BBA3-F1E0-46C1-9A69-FA882129623F>.<1> Sent ping 3
