> Task :app:preBuild UP-TO-DATE
> Task :app:prePlayDebugBuild UP-TO-DATE
> Task :app:generatePlayDebugBuildConfig UP-TO-DATE
> Task :app:generatePlayDebugResources UP-TO-DATE
> Task :app:packagePlayDebugResources UP-TO-DATE
> Task :app:processPlayDebugNavigationResources UP-TO-DATE
> Task :app:parsePlayDebugLocalResources UP-TO-DATE
> Task :app:generatePlayDebugRFile UP-TO-DATE
> Task :app:compilePlayDebugKotlin UP-TO-DATE
> Task :app:javaPreCompilePlayDebug UP-TO-DATE
> Task :app:compilePlayDebugJavaWithJavac UP-TO-DATE
> Task :app:checkPlayDebugAarMetadata UP-TO-DATE
> Task :app:mapPlayDebugSourceSetPaths UP-TO-DATE
> Task :app:compilePlayDebugNavigationResources UP-TO-DATE
> Task :app:mergePlayDebugResources UP-TO-DATE
> Task :app:createPlayDebugCompatibleScreenManifests UP-TO-DATE
> Task :app:extractDeepLinksPlayDebug UP-TO-DATE
> Task :app:processPlayDebugMainManifest UP-TO-DATE
> Task :app:processPlayDebugManifest UP-TO-DATE
> Task :app:processPlayDebugManifestForPackage UP-TO-DATE
> Task :app:processPlayDebugResources UP-TO-DATE
> Task :app:bundlePlayDebugClassesToCompileJar UP-TO-DATE
> Task :app:prePlayDebugAndroidTestBuild SKIPPED
> Task :app:generatePlayDebugAndroidTestLintModel UP-TO-DATE
> Task :app:extractProguardFiles UP-TO-DATE
> Task :app:generatePlayDebugLintReportModel UP-TO-DATE
> Task :app:prePlayDebugUnitTestBuild UP-TO-DATE
> Task :app:generatePlayDebugUnitTestLintModel UP-TO-DATE
> Task :app:lintAnalyzePlayDebug UP-TO-DATE
> Task :app:lintAnalyzePlayDebugAndroidTest UP-TO-DATE
> Task :app:lintAnalyzePlayDebugUnitTest UP-TO-DATE
> Task :app:lintReportPlayDebug UP-TO-DATE
> Task :app:lintPlayDebug

BUILD SUCCESSFUL in 620ms
29 actionable tasks: 1 executed, 28 up-to-date
Consider enabling configuration cache to speed up this build: https://docs.gradle.org/9.5.1/userguide/configuration_cache_enabling.html
